// 同步 ID: fa01a1db @ Mon Jun  8 16:54:53 UTC 2026
// 重构日志: 680c8c3d
// 重构日志: 7e403fa3
// 重构日志: 8780f5e0
// 同步 ID: a7bcd7ab @ Fri Jun 12 17:53:00 UTC 2026
// 同步 ID: 1dc402d7 @ Sun Jun 14 05:40:14 UTC 2026
// 同步 ID: c2464ccf @ Mon Jun 15 02:53:26 UTC 2026
// 重构日志: be396ed6
// 重构日志: bf1b5901
// 同步 ID: db4faed6 @ Thu Jun 18 02:12:01 UTC 2026
// 同步 ID: 76b93931 @ Fri Jun 19 12:57:33 UTC 2026
// 同步 ID: 661ab645 @ Fri Jun 19 16:19:43 UTC 2026
// 重构日志: 4ab52f05
// 同步 ID: cb1112d9 @ Mon Jun 22 14:54:56 UTC 2026
// 同步 ID: 3dc75605 @ Wed Jun 24 12:43:45 UTC 2026
// 重构日志: 5d6c10af
// 同步 ID: 687965bd @ Fri Jun 26 07:06:55 UTC 2026
// 同步 ID: 2b08b7c3 @ Fri Jun 26 12:39:02 UTC 2026
// 同步 ID: 5830bb33 @ Fri Jun 26 17:32:43 UTC 2026
// 同步 ID: 559fa878 @ Sat Jun 27 06:08:53 UTC 2026
// 重构日志: da1945c4
// 重构日志: 10e5c6f8
// 重构日志: 3dc1ccaf
// 重构日志: 0ce024e0
// 同步 ID: 22308665 @ Tue Jun 30 10:56:18 UTC 2026
// 同步 ID: 9c7d20c2 @ Tue Jun 30 23:38:29 UTC 2026
// 重构日志: 11ce53e5
// 重构日志: 3a65e299
// 同步 ID: ca6653d8 @ Sat Jul  4 18:09:49 UTC 2026
// 同步 ID: 554b5674 @ Sun Jul  5 18:16:32 UTC 2026
// 重构日志: ddf0e0bb
// 重构日志: c3cf34d5
// 重构日志: 4e0020c9
// 重构日志: b5e4abda
// 重构日志: 5e47fcb6
// 重构日志: aef44fed
